<?xml version="1.0" encoding="UTF-8"?>
<!-- Generated by org.testng.reporters.JUnitReportReporter -->
<testsuite skipped="0" hostname="Inside-PC" name="com.qa.cucumber.myRunner.MyRunner" tests="1" failures="0" timestamp="27 Nov 2019 13:05:07 GMT" time="101.625" errors="1">
  <testcase name="scenario" time="101.625" classname="com.qa.cucumber.myRunner.MyRunner">
    <error type="org.openqa.selenium.WebDriverException" message="connection refused
Build info: version: &#039;3.141.59&#039;, revision: &#039;e82be7d358&#039;, time: &#039;2018-11-14T08:17:03&#039;
System info: host: &#039;INSIDE-PC&#039;, ip: &#039;192.168.56.1&#039;, os.name: &#039;Windows 7&#039;, os.arch: &#039;amd64&#039;, os.version: &#039;6.1&#039;, java.version: &#039;1.8.0_191&#039;
Driver info: driver.version: FirefoxDriver
remote stacktrace: ">
      <![CDATA[org.openqa.selenium.WebDriverException: connection refused
Build info: version: '3.141.59', revision: 'e82be7d358', time: '2018-11-14T08:17:03'
System info: host: 'INSIDE-PC', ip: '192.168.56.1', os.name: 'Windows 7', os.arch: 'amd64', os.version: '6.1', java.version: '1.8.0_191'
Driver info: driver.version: FirefoxDriver
remote stacktrace: 
at sun.reflect.NativeConstructorAccessorImpl.newInstance0(Native Method)
at sun.reflect.NativeConstructorAccessorImpl.newInstance(Unknown Source)
at sun.reflect.DelegatingConstructorAccessorImpl.newInstance(Unknown Source)
at java.lang.reflect.Constructor.newInstance(Unknown Source)
at org.openqa.selenium.remote.W3CHandshakeResponse.lambda$errorHandler$0(W3CHandshakeResponse.java:62)
at org.openqa.selenium.remote.HandshakeResponse.lambda$getResponseFunction$0(HandshakeResponse.java:30)
at org.openqa.selenium.remote.ProtocolHandshake.lambda$createSession$0(ProtocolHandshake.java:126)
at java.util.stream.ReferencePipeline$3$1.accept(Unknown Source)
at java.util.Spliterators$ArraySpliterator.tryAdvance(Unknown Source)
at java.util.stream.ReferencePipeline.forEachWithCancel(Unknown Source)
at java.util.stream.AbstractPipeline.copyIntoWithCancel(Unknown Source)
at java.util.stream.AbstractPipeline.copyInto(Unknown Source)
at java.util.stream.AbstractPipeline.wrapAndCopyInto(Unknown Source)
at java.util.stream.FindOps$FindOp.evaluateSequential(Unknown Source)
at java.util.stream.AbstractPipeline.evaluate(Unknown Source)
at java.util.stream.ReferencePipeline.findFirst(Unknown Source)
at org.openqa.selenium.remote.ProtocolHandshake.createSession(ProtocolHandshake.java:128)
at org.openqa.selenium.remote.ProtocolHandshake.createSession(ProtocolHandshake.java:74)
at org.openqa.selenium.remote.HttpCommandExecutor.execute(HttpCommandExecutor.java:136)
at org.openqa.selenium.remote.service.DriverCommandExecutor.execute(DriverCommandExecutor.java:83)
at org.openqa.selenium.remote.RemoteWebDriver.execute(RemoteWebDriver.java:552)
at org.openqa.selenium.remote.RemoteWebDriver.startSession(RemoteWebDriver.java:213)
at org.openqa.selenium.remote.RemoteWebDriver.<init>(RemoteWebDriver.java:131)
at org.openqa.selenium.firefox.FirefoxDriver.<init>(FirefoxDriver.java:147)
at org.openqa.selenium.firefox.FirefoxDriver.<init>(FirefoxDriver.java:125)
at com.qa.cucumber.base.TestBase.initialization(TestBase.java:48)
at com.qa.cucumber.stepDefinitions.HomeStepDefinition.user_navigate_to_home_page(HomeStepDefinition.java:22)
at ✽.User navigate to home page(file:src/main/java/com/qa/cucumber/features/home.feature:4)
]]>
    </error>
  </testcase> <!-- scenario -->
</testsuite> <!-- com.qa.cucumber.myRunner.MyRunner -->
